<?xml version="1.0" encoding="UTF-8"?>
<!-- Generated by org.testng.reporters.JUnitReportReporter -->
<testsuite hostname="sbajdas-OptiPlex-7020" failures="0" tests="3" name="com.bajdas.tygryski.AppTest" time="0.241" errors="0" timestamp="2019-02-18T10:30:55 CET" skipped="0">
  <testcase classname="com.bajdas.tygryski.AppTest" name="executeOnlyAnnotatedMethods" time="0.233"/>
  <testcase classname="com.bajdas.tygryski.AppTest" name="classHasThreeMethods" time="0.002"/>
  <testcase classname="com.bajdas.tygryski.AppTest" name="classHasTwoRunAnnotatedMethods" time="0.006"/>
</testsuite> <!-- com.bajdas.tygryski.AppTest -->
